{"/Users/beau/Sites/Interview/EnergySavvy/building.js":{"path":"/Users/beau/Sites/Interview/EnergySavvy/building.js","s":{"1":1,"2":7,"3":7,"4":83,"5":3,"6":80,"7":4,"8":76,"9":2,"10":74,"11":73,"12":74,"13":1,"14":74,"15":74,"16":1},"b":{"1":[3,80],"2":[83,4,3,2],"3":[4,76],"4":[80,79,78,77],"5":[2,74],"6":[76,75],"7":[73,1],"8":[1,73]},"f":{"1":7,"2":83},"fnMap":{"1":{"name":"(anonymous_1)","line":5,"loc":{"start":{"line":5,"column":13},"end":{"line":5,"column":16}}},"2":{"name":"(anonymous_2)","line":14,"loc":{"start":{"line":14,"column":9},"end":{"line":14,"column":28}}}},"statementMap":{"1":{"start":{"line":1,"column":0},"end":{"line":1,"column":29}},"2":{"start":{"line":8,"column":4},"end":{"line":8,"column":28}},"3":{"start":{"line":10,"column":4},"end":{"line":10,"column":16}},"4":{"start":{"line":17,"column":4},"end":{"line":21,"column":5}},"5":{"start":{"line":19,"column":6},"end":{"line":19,"column":50}},"6":{"start":{"line":24,"column":4},"end":{"line":28,"column":5}},"7":{"start":{"line":26,"column":6},"end":{"line":26,"column":52}},"8":{"start":{"line":31,"column":4},"end":{"line":35,"column":5}},"9":{"start":{"line":33,"column":6},"end":{"line":33,"column":54}},"10":{"start":{"line":38,"column":4},"end":{"line":43,"column":5}},"11":{"start":{"line":41,"column":6},"end":{"line":41,"column":14}},"12":{"start":{"line":46,"column":4},"end":{"line":51,"column":5}},"13":{"start":{"line":49,"column":6},"end":{"line":49,"column":33}},"14":{"start":{"line":54,"column":4},"end":{"line":54,"column":39}},"15":{"start":{"line":57,"column":4},"end":{"line":57,"column":16}},"16":{"start":{"line":63,"column":0},"end":{"line":63,"column":26}}},"branchMap":{"1":{"line":17,"type":"if","locations":[{"start":{"line":17,"column":4},"end":{"line":17,"column":4}},{"start":{"line":17,"column":4},"end":{"line":17,"column":4}}]},"2":{"line":17,"type":"binary-expr","locations":[{"start":{"line":17,"column":7},"end":{"line":17,"column":19}},{"start":{"line":17,"column":24},"end":{"line":17,"column":47}},{"start":{"line":17,"column":51},"end":{"line":17,"column":73}},{"start":{"line":17,"column":77},"end":{"line":17,"column":84}}]},"3":{"line":24,"type":"if","locations":[{"start":{"line":24,"column":4},"end":{"line":24,"column":4}},{"start":{"line":24,"column":4},"end":{"line":24,"column":4}}]},"4":{"line":24,"type":"binary-expr","locations":[{"start":{"line":24,"column":7},"end":{"line":24,"column":31}},{"start":{"line":24,"column":35},"end":{"line":24,"column":58}},{"start":{"line":24,"column":62},"end":{"line":24,"column":70}},{"start":{"line":24,"column":74},"end":{"line":24,"column":83}}]},"5":{"line":31,"type":"if","locations":[{"start":{"line":31,"column":4},"end":{"line":31,"column":4}},{"start":{"line":31,"column":4},"end":{"line":31,"column":4}}]},"6":{"line":31,"type":"binary-expr","locations":[{"start":{"line":31,"column":7},"end":{"line":31,"column":32}},{"start":{"line":31,"column":36},"end":{"line":31,"column":45}}]},"7":{"line":38,"type":"if","locations":[{"start":{"line":38,"column":4},"end":{"line":38,"column":4}},{"start":{"line":38,"column":4},"end":{"line":38,"column":4}}]},"8":{"line":46,"type":"if","locations":[{"start":{"line":46,"column":4},"end":{"line":46,"column":4}},{"start":{"line":46,"column":4},"end":{"line":46,"column":4}}]}}},"/Users/beau/Sites/Interview/EnergySavvy/day.js":{"path":"/Users/beau/Sites/Interview/EnergySavvy/day.js","s":{"1":13,"2":13,"3":3,"4":3,"5":3,"6":53,"7":22,"8":22,"9":3,"10":5,"11":5,"12":30,"13":27,"14":5,"15":1},"b":{"1":[22,31],"2":[27,3]},"f":{"1":13,"2":3,"3":5},"fnMap":{"1":{"name":"(anonymous_1)","line":3,"loc":{"start":{"line":3,"column":13},"end":{"line":3,"column":16}}},"2":{"name":"(anonymous_2)","line":12,"loc":{"start":{"line":12,"column":6},"end":{"line":12,"column":8}}},"3":{"name":"(anonymous_3)","line":38,"loc":{"start":{"line":38,"column":9},"end":{"line":38,"column":21}}}},"statementMap":{"1":{"start":{"line":5,"column":4},"end":{"line":5,"column":20}},"2":{"start":{"line":7,"column":4},"end":{"line":7,"column":16}},"3":{"start":{"line":15,"column":4},"end":{"line":15,"column":20}},"4":{"start":{"line":18,"column":4},"end":{"line":18,"column":18}},"5":{"start":{"line":21,"column":4},"end":{"line":31,"column":7}},"6":{"start":{"line":24,"column":6},"end":{"line":29,"column":7}},"7":{"start":{"line":27,"column":8},"end":{"line":27,"column":24}},"8":{"start":{"line":28,"column":8},"end":{"line":28,"column":18}},"9":{"start":{"line":34,"column":4},"end":{"line":34,"column":41}},"10":{"start":{"line":41,"column":4},"end":{"line":41,"column":18}},"11":{"start":{"line":44,"column":4},"end":{"line":53,"column":5}},"12":{"start":{"line":47,"column":6},"end":{"line":51,"column":7}},"13":{"start":{"line":50,"column":8},"end":{"line":50,"column":31}},"14":{"start":{"line":56,"column":4},"end":{"line":56,"column":17}},"15":{"start":{"line":61,"column":0},"end":{"line":61,"column":21}}},"branchMap":{"1":{"line":24,"type":"if","locations":[{"start":{"line":24,"column":6},"end":{"line":24,"column":6}},{"start":{"line":24,"column":6},"end":{"line":24,"column":6}}]},"2":{"line":47,"type":"if","locations":[{"start":{"line":47,"column":6},"end":{"line":47,"column":6}},{"start":{"line":47,"column":6},"end":{"line":47,"column":6}}]}}},"/Users/beau/Sites/Interview/EnergySavvy/utilities.js":{"path":"/Users/beau/Sites/Interview/EnergySavvy/utilities.js","s":{"1":1,"2":1,"3":1,"4":1,"5":13,"6":4,"7":9,"8":4,"9":5,"10":1,"11":1,"12":1,"13":1,"14":5,"15":3,"16":3,"17":3,"18":1,"19":1,"20":2,"21":3,"22":3,"23":3},"b":{"1":[4,9],"2":[13,12,11,10],"3":[4,5],"4":[9,8,7,6],"5":[1,4],"6":[3,2],"7":[5,4,3],"8":[1,2],"9":[3,2]},"f":{"1":1,"2":13},"fnMap":{"1":{"name":"(anonymous_1)","line":2,"loc":{"start":{"line":2,"column":20},"end":{"line":2,"column":39}}},"2":{"name":"(anonymous_2)","line":13,"loc":{"start":{"line":13,"column":26},"end":{"line":13,"column":63}}}},"statementMap":{"1":{"start":{"line":2,"column":0},"end":{"line":10,"column":1}},"2":{"start":{"line":5,"column":2},"end":{"line":5,"column":36}},"3":{"start":{"line":8,"column":2},"end":{"line":8,"column":52}},"4":{"start":{"line":13,"column":0},"end":{"line":79,"column":1}},"5":{"start":{"line":16,"column":2},"end":{"line":21,"column":3}},"6":{"start":{"line":19,"column":4},"end":{"line":19,"column":93}},"7":{"start":{"line":24,"column":2},"end":{"line":29,"column":3}},"8":{"start":{"line":27,"column":4},"end":{"line":27,"column":89}},"9":{"start":{"line":32,"column":2},"end":{"line":42,"column":3}},"10":{"start":{"line":35,"column":4},"end":{"line":35,"column":131}},"11":{"start":{"line":38,"column":4},"end":{"line":38,"column":19}},"12":{"start":{"line":39,"column":4},"end":{"line":39,"column":16}},"13":{"start":{"line":40,"column":4},"end":{"line":40,"column":17}},"14":{"start":{"line":45,"column":2},"end":{"line":68,"column":3}},"15":{"start":{"line":48,"column":4},"end":{"line":48,"column":69}},"16":{"start":{"line":49,"column":4},"end":{"line":49,"column":23}},"17":{"start":{"line":52,"column":4},"end":{"line":66,"column":5}},"18":{"start":{"line":54,"column":6},"end":{"line":54,"column":53}},"19":{"start":{"line":57,"column":6},"end":{"line":57,"column":22}},"20":{"start":{"line":64,"column":6},"end":{"line":64,"column":30}},"21":{"start":{"line":71,"column":2},"end":{"line":71,"column":51}},"22":{"start":{"line":74,"column":2},"end":{"line":74,"column":27}},"23":{"start":{"line":77,"column":2},"end":{"line":77,"column":32}}},"branchMap":{"1":{"line":16,"type":"if","locations":[{"start":{"line":16,"column":2},"end":{"line":16,"column":2}},{"start":{"line":16,"column":2},"end":{"line":16,"column":2}}]},"2":{"line":16,"type":"binary-expr","locations":[{"start":{"line":16,"column":5},"end":{"line":16,"column":30}},{"start":{"line":16,"column":34},"end":{"line":16,"column":58}},{"start":{"line":16,"column":62},"end":{"line":16,"column":71}},{"start":{"line":16,"column":75},"end":{"line":16,"column":85}}]},"3":{"line":24,"type":"if","locations":[{"start":{"line":24,"column":2},"end":{"line":24,"column":2}},{"start":{"line":24,"column":2},"end":{"line":24,"column":2}}]},"4":{"line":24,"type":"binary-expr","locations":[{"start":{"line":24,"column":5},"end":{"line":24,"column":28}},{"start":{"line":24,"column":32},"end":{"line":24,"column":54}},{"start":{"line":24,"column":58},"end":{"line":24,"column":65}},{"start":{"line":24,"column":69},"end":{"line":24,"column":77}}]},"5":{"line":32,"type":"if","locations":[{"start":{"line":32,"column":2},"end":{"line":32,"column":2}},{"start":{"line":32,"column":2},"end":{"line":32,"column":2}}]},"6":{"line":45,"type":"if","locations":[{"start":{"line":45,"column":2},"end":{"line":45,"column":2}},{"start":{"line":45,"column":2},"end":{"line":45,"column":2}}]},"7":{"line":45,"type":"binary-expr","locations":[{"start":{"line":45,"column":5},"end":{"line":45,"column":29}},{"start":{"line":45,"column":33},"end":{"line":45,"column":41}},{"start":{"line":45,"column":45},"end":{"line":45,"column":53}}]},"8":{"line":52,"type":"if","locations":[{"start":{"line":52,"column":4},"end":{"line":52,"column":4}},{"start":{"line":52,"column":4},"end":{"line":52,"column":4}}]},"9":{"line":52,"type":"binary-expr","locations":[{"start":{"line":52,"column":7},"end":{"line":52,"column":31}},{"start":{"line":52,"column":35},"end":{"line":52,"column":44}}]}}}}