TN:
SF:/Users/beau/Sites/Interview/EnergySavvy/building.js
FN:5,(anonymous_1)
FN:14,(anonymous_2)
FNF:2
FNH:2
FNDA:7,(anonymous_1)
FNDA:83,(anonymous_2)
DA:1,1
DA:8,7
DA:10,7
DA:17,83
DA:19,3
DA:24,80
DA:26,4
DA:31,76
DA:33,2
DA:38,74
DA:41,73
DA:46,74
DA:49,1
DA:54,74
DA:57,74
DA:63,1
LF:16
LH:16
BRDA:17,1,0,3
BRDA:17,1,1,80
BRDA:17,2,0,83
BRDA:17,2,1,4
BRDA:17,2,2,3
BRDA:17,2,3,2
BRDA:24,3,0,4
BRDA:24,3,1,76
BRDA:24,4,0,80
BRDA:24,4,1,79
BRDA:24,4,2,78
BRDA:24,4,3,77
BRDA:31,5,0,2
BRDA:31,5,1,74
BRDA:31,6,0,76
BRDA:31,6,1,75
BRDA:38,7,0,73
BRDA:38,7,1,1
BRDA:46,8,0,1
BRDA:46,8,1,73
BRF:20
BRH:20
end_of_record
TN:
SF:/Users/beau/Sites/Interview/EnergySavvy/day.js
FN:3,(anonymous_1)
FN:12,(anonymous_2)
FN:38,(anonymous_3)
FNF:3
FNH:3
FNDA:13,(anonymous_1)
FNDA:3,(anonymous_2)
FNDA:5,(anonymous_3)
DA:5,13
DA:7,13
DA:15,3
DA:18,3
DA:21,3
DA:24,53
DA:27,22
DA:28,22
DA:34,3
DA:41,5
DA:44,5
DA:47,30
DA:50,27
DA:56,5
DA:61,1
LF:15
LH:15
BRDA:24,1,0,22
BRDA:24,1,1,31
BRDA:47,2,0,27
BRDA:47,2,1,3
BRF:4
BRH:4
end_of_record
TN:
SF:/Users/beau/Sites/Interview/EnergySavvy/utilities.js
FN:2,(anonymous_1)
FN:13,(anonymous_2)
FNF:2
FNH:2
FNDA:1,(anonymous_1)
FNDA:13,(anonymous_2)
DA:2,1
DA:5,1
DA:8,1
DA:13,1
DA:16,13
DA:19,4
DA:24,9
DA:27,4
DA:32,5
DA:35,1
DA:38,1
DA:39,1
DA:40,1
DA:45,5
DA:48,3
DA:49,3
DA:52,3
DA:54,1
DA:57,1
DA:64,2
DA:71,3
DA:74,3
DA:77,3
LF:23
LH:23
BRDA:16,1,0,4
BRDA:16,1,1,9
BRDA:16,2,0,13
BRDA:16,2,1,12
BRDA:16,2,2,11
BRDA:16,2,3,10
BRDA:24,3,0,4
BRDA:24,3,1,5
BRDA:24,4,0,9
BRDA:24,4,1,8
BRDA:24,4,2,7
BRDA:24,4,3,6
BRDA:32,5,0,1
BRDA:32,5,1,4
BRDA:45,6,0,3
BRDA:45,6,1,2
BRDA:45,7,0,5
BRDA:45,7,1,4
BRDA:45,7,2,3
BRDA:52,8,0,1
BRDA:52,8,1,2
BRDA:52,9,0,3
BRDA:52,9,1,2
BRF:23
BRH:23
end_of_record
